<?xml version="1.0" encoding="UTF-8"?>
<!-- Generated by org.testng.reporters.JUnitXMLReporter -->
<testsuite ignored="1" hostname="DESKTOP-O9GM8A3" failures="0" tests="2" name="Default test" time="48.062" errors="0" timestamp="2024-10-02T20:39:15 IST">
  <testcase classname="guiTests.EcommerceTestExcel" name="ecommerceFashion_Test" time="17.874"/>
  <testcase classname="guiTests.EcommerceTestExcel" name="ecommerceFashion_Test" time="16.608"/>
  <testcase classname="guiTests.EcommerceTestExcel" name="ecommerceElectronics_Test" time="0.0">
    <ignored/>
  </testcase> <!-- ecommerceElectronics_Test -->
</testsuite> <!-- Default test -->
