<?xml version="1.0" encoding="UTF-8"?>
<!-- Generated by org.testng.reporters.JUnitXMLReporter -->
<testsuite ignored="0" hostname="DESKTOP-O9GM8A3" failures="0" tests="3" name="Default test" time="88.402" errors="0" timestamp="2024-10-19T13:49:55 IST">
  <testcase classname="guiTests.EcommerceTestExcel" name="ecommerceElectronics_Test" time="18.712"/>
  <testcase classname="guiTests.EcommerceTestExcel" name="ecommerceFashion_Test" time="17.892"/>
  <testcase classname="guiTests.EcommerceTestExcel" name="ecommerceFashion_Test" time="17.491"/>
</testsuite> <!-- Default test -->
