<?xml version="1.0" encoding="UTF-8"?>
<!-- Generated by org.testng.reporters.JUnitXMLReporter -->
<testsuite ignored="1" hostname="DESKTOP-O9GM8A3" failures="0" tests="1" name="Ecommerce Test" time="23.814" errors="0" timestamp="2024-10-27T16:22:56 IST">
  <testcase classname="tests.gui.EcommerceTestExcel" name="ecommerceFashion_Test" time="17.188"/>
  <testcase classname="tests.gui.EcommerceTestExcel" name="ecommerceElectronics_Test" time="0.0">
    <ignored/>
  </testcase> <!-- ecommerceElectronics_Test -->
</testsuite> <!-- Ecommerce Test -->
