<?xml version="1.0" encoding="UTF-8"?>
<!-- Generated by org.testng.reporters.JUnitXMLReporter -->
<testsuite ignored="1" hostname="DESKTOP-O9GM8A3" failures="0" tests="1" name="Ecommerce Test" time="22.081" errors="0" timestamp="2024-10-20T16:24:40 IST">
  <testcase classname="guiTests.EcommerceTestExcel" name="ecommerceFashion_Test" time="15.598"/>
  <testcase classname="guiTests.EcommerceTestExcel" name="ecommerceElectronics_Test" time="0.0">
    <ignored/>
  </testcase> <!-- ecommerceElectronics_Test -->
</testsuite> <!-- Ecommerce Test -->
