<?xml version="1.0" encoding="UTF-8"?>
<testng-results ignored="0" total="2" passed="2" failed="0" skipped="0">
  <reporter-output>
  </reporter-output>
  <suite started-at="2024-10-02T20:38:27 IST" name="Default suite" finished-at="2024-10-02T20:39:15 IST" duration-ms="48062">
    <groups>
    </groups>
    <test started-at="2024-10-02T20:38:27 IST" name="Default test" finished-at="2024-10-02T20:39:15 IST" duration-ms="48062">
      <class name="guiTests.EcommerceTestExcel">
        <test-method is-config="true" signature="setUp()[pri:0, instance:guiTests.EcommerceTestExcel@6be968ce]" started-at="2024-10-02T20:38:30 IST" name="setUp" finished-at="2024-10-02T20:38:36 IST" duration-ms="6655" status="PASS">
          <reporter-output>
          </reporter-output>
        </test-method> <!-- setUp -->
        <test-method signature="ecommerceFashion_Test(java.util.Map)[pri:0, instance:guiTests.EcommerceTestExcel@6be968ce]" started-at="2024-10-02T20:38:36 IST" name="ecommerceFashion_Test" data-provider="testData_Fashion" finished-at="2024-10-02T20:38:54 IST" duration-ms="17874" status="PASS">
          <params>
            <param index="0">
              <value>
                <![CDATA[{Password=Aniket@1998, Product=ZARA COAT 3, Run=Yes, TestID=TC_001, User Name=aniketsahoo1998@gmail.com}]]>
              </value>
            </param>
          </params>
          <reporter-output>
          </reporter-output>
        </test-method> <!-- ecommerceFashion_Test -->
        <test-method is-config="true" signature="tearDown()[pri:0, instance:guiTests.EcommerceTestExcel@6be968ce]" started-at="2024-10-02T20:38:54 IST" name="tearDown" finished-at="2024-10-02T20:38:55 IST" duration-ms="349" status="PASS">
          <reporter-output>
          </reporter-output>
        </test-method> <!-- tearDown -->
        <test-method is-config="true" signature="setUp()[pri:0, instance:guiTests.EcommerceTestExcel@6be968ce]" started-at="2024-10-02T20:38:55 IST" name="setUp" finished-at="2024-10-02T20:38:58 IST" duration-ms="3826" status="PASS">
          <reporter-output>
          </reporter-output>
        </test-method> <!-- setUp -->
        <test-method signature="ecommerceFashion_Test(java.util.Map)[pri:0, instance:guiTests.EcommerceTestExcel@6be968ce]" started-at="2024-10-02T20:38:58 IST" name="ecommerceFashion_Test" data-provider="testData_Fashion" finished-at="2024-10-02T20:39:15 IST" duration-ms="16608" status="PASS">
          <params>
            <param index="0">
              <value>
                <![CDATA[{Password=Ketani@1998, Product=ADIDAS ORIGINAL, Run=Yes, TestID=TC_002, User Name=ketanisahoo1998@gmail.com}]]>
              </value>
            </param>
          </params>
          <reporter-output>
          </reporter-output>
        </test-method> <!-- ecommerceFashion_Test -->
        <test-method is-config="true" signature="tearDown()[pri:0, instance:guiTests.EcommerceTestExcel@6be968ce]" started-at="2024-10-02T20:39:15 IST" name="tearDown" finished-at="2024-10-02T20:39:15 IST" duration-ms="398" status="PASS">
          <reporter-output>
          </reporter-output>
        </test-method> <!-- tearDown -->
      </class> <!-- guiTests.EcommerceTestExcel -->
    </test> <!-- Default test -->
  </suite> <!-- Default suite -->
</testng-results>
